This is pdfTeX, Version 3.141592653-2.6-1.40.29 (MiKTeX 26.2) (preloaded format=pdflatex 2026.4.10)  14 APR 2026 23:42
entering extended mode
 restricted \write18 enabled.
 file:line:error style messages enabled.
 %&-line parsing enabled.
**"d:/Imran/METU/Coursework/CE586 - Earthquake/Assignment2/main.tex"
(d:/Imran/METU/Coursework/CE586 - Earthquake/Assignment2/main.tex
LaTeX2e <2025-11-01>
L3 programming layer <2026-01-19>
(C:\Users\Imran Shahriar\AppData\Local\Programs\MiKTeX\tex/latex/base\article.cls
Document Class: article 2025/01/22 v1.4n Standard LaTeX document class
(C:\Users\Imran Shahriar\AppData\Local\Programs\MiKTeX\tex/latex/base\size10.clo
File: size10.clo 2025/01/22 v1.4n Standard LaTeX file (size option)
)
\c@part=\count275
\c@section=\count276
\c@subsection=\count277
\c@subsubsection=\count278
\c@paragraph=\count279
\c@subparagraph=\count280
\c@figure=\count281
\c@table=\count282
\abovecaptionskip=\skip49
\belowcaptionskip=\skip50
\bibindent=\dimen148
) (C:\Users\Imran Shahriar\AppData\Local\Programs\MiKTeX\tex/latex/amsmath\amsmath.sty
Package: amsmath 2025/07/09 v2.17z AMS math features
\@mathmargin=\skip51

For additional information on amsmath, use the `?' option.
(C:\Users\Imran Shahriar\AppData\Local\Programs\MiKTeX\tex/latex/amsmath\amstext.sty
Package: amstext 2024/11/17 v2.01 AMS text
 (C:\Users\Imran Shahriar\AppData\Local\Programs\MiKTeX\tex/latex/amsmath\amsgen.sty
File: amsgen.sty 1999/11/30 v2.0 generic functions
\@emptytoks=\toks17
\ex@=\dimen149
)) (C:\Users\Imran Shahriar\AppData\Local\Programs\MiKTeX\tex/latex/amsmath\amsbsy.sty
Package: amsbsy 1999/11/29 v1.2d Bold Symbols
\pmbraise@=\dimen150
) (C:\Users\Imran Shahriar\AppData\Local\Programs\MiKTeX\tex/latex/amsmath\amsopn.sty
Package: amsopn 2022/04/08 v2.04 operator names
)
\inf@bad=\count283
LaTeX Info: Redefining \frac on input line 233.
\uproot@=\count284
\leftroot@=\count285
LaTeX Info: Redefining \overline on input line 398.
LaTeX Info: Redefining \colon on input line 409.
\classnum@=\count286
\DOTSCASE@=\count287
LaTeX Info: Redefining \ldots on input line 495.
LaTeX Info: Redefining \dots on input line 498.
LaTeX Info: Redefining \cdots on input line 619.
\Mathstrutbox@=\box53
\strutbox@=\box54
LaTeX Info: Redefining \big on input line 721.
LaTeX Info: Redefining \Big on input line 722.
LaTeX Info: Redefining \bigg on input line 723.
LaTeX Info: Redefining \Bigg on input line 724.
\big@size=\dimen151
LaTeX Font Info:    Redeclaring font encoding OML on input line 742.
LaTeX Font Info:    Redeclaring font encoding OMS on input line 743.
\macc@depth=\count288
LaTeX Info: Redefining \bmod on input line 904.
LaTeX Info: Redefining \pmod on input line 909.
LaTeX Info: Redefining \smash on input line 939.
LaTeX Info: Redefining \relbar on input line 969.
LaTeX Info: Redefining \Relbar on input line 970.
\c@MaxMatrixCols=\count289
\dotsspace@=\muskip17
\c@parentequation=\count290
\dspbrk@lvl=\count291
\tag@help=\toks18
\row@=\count292
\column@=\count293
\maxfields@=\count294
\andhelp@=\toks19
\eqnshift@=\dimen152
\alignsep@=\dimen153
\tagshift@=\dimen154
\tagwidth@=\dimen155
\totwidth@=\dimen156
\lineht@=\dimen157
\@envbody=\toks20
\multlinegap=\skip52
\multlinetaggap=\skip53
\mathdisplay@stack=\toks21
LaTeX Info: Redefining \[ on input line 2950.
LaTeX Info: Redefining \] on input line 2951.
) (C:\Users\Imran Shahriar\AppData\Local\Programs\MiKTeX\tex/latex/graphics\graphicx.sty
Package: graphicx 2024/12/31 v1.2e Enhanced LaTeX Graphics (DPC,SPQR)
 (C:\Users\Imran Shahriar\AppData\Local\Programs\MiKTeX\tex/latex/graphics\keyval.sty
Package: keyval 2022/05/29 v1.15 key=value parser (DPC)
\KV@toks@=\toks22
) (C:\Users\Imran Shahriar\AppData\Local\Programs\MiKTeX\tex/latex/graphics\graphics.sty
Package: graphics 2024/08/06 v1.4g Standard LaTeX Graphics (DPC,SPQR)
 (C:\Users\Imran Shahriar\AppData\Local\Programs\MiKTeX\tex/latex/graphics\trig.sty
Package: trig 2023/12/02 v1.11 sin cos tan (DPC)
) (C:\Users\Imran Shahriar\AppData\Local\Programs\MiKTeX\tex/latex/graphics-cfg\graphics.cfg
File: graphics.cfg 2016/06/04 v1.11 sample graphics configuration
)
Package graphics Info: Driver file: pdftex.def on input line 106.
 (C:\Users\Imran Shahriar\AppData\Local\Programs\MiKTeX\tex/latex/graphics-def\pdftex.def
File: pdftex.def 2025/09/29 v1.2d Graphics/color driver for pdftex
))
\Gin@req@height=\dimen158
\Gin@req@width=\dimen159
) (C:\Users\Imran Shahriar\AppData\Local\Programs\MiKTeX\tex/latex/float\float.sty
Package: float 2001/11/08 v1.3d Float enhancements (AL)
\c@float@type=\count295
\float@exts=\toks23
\float@box=\box55
\@float@everytoks=\toks24
\@floatcapt=\box56
) (C:\Users\Imran Shahriar\AppData\Local\Programs\MiKTeX\tex/latex/placeins\placeins.sty
Package: placeins 2005/04/18  v 2.2
) (C:\Users\Imran Shahriar\AppData\Local\Programs\MiKTeX\tex/latex/fancyhdr\fancyhdr.sty
Package: fancyhdr 2025/02/07 v5.2 Extensive control of page headers and footers
\f@nch@headwidth=\skip54
\f@nch@offset@elh=\skip55
\f@nch@offset@erh=\skip56
\f@nch@offset@olh=\skip57
\f@nch@offset@orh=\skip58
\f@nch@offset@elf=\skip59
\f@nch@offset@erf=\skip60
\f@nch@offset@olf=\skip61
\f@nch@offset@orf=\skip62
\f@nch@height=\skip63
\f@nch@footalignment=\skip64
\f@nch@widthL=\skip65
\f@nch@widthC=\skip66
\f@nch@widthR=\skip67
\@temptokenb=\toks25
) (C:\Users\Imran Shahriar\AppData\Local\Programs\MiKTeX\tex/latex/l3backend\l3backend-pdftex.def
File: l3backend-pdftex.def 2025-10-09 L3 backend support: PDF output (pdfTeX)
\l__color_backend_stack_int=\count296
) (main.aux)
\openout1 = `main.aux'.

LaTeX Font Info:    Checking defaults for OML/cmm/m/it on input line 14.
LaTeX Font Info:    ... okay on input line 14.
LaTeX Font Info:    Checking defaults for OMS/cmsy/m/n on input line 14.
LaTeX Font Info:    ... okay on input line 14.
LaTeX Font Info:    Checking defaults for OT1/cmr/m/n on input line 14.
LaTeX Font Info:    ... okay on input line 14.
LaTeX Font Info:    Checking defaults for T1/cmr/m/n on input line 14.
LaTeX Font Info:    ... okay on input line 14.
LaTeX Font Info:    Checking defaults for TS1/cmr/m/n on input line 14.
LaTeX Font Info:    ... okay on input line 14.
LaTeX Font Info:    Checking defaults for OMX/cmex/m/n on input line 14.
LaTeX Font Info:    ... okay on input line 14.
LaTeX Font Info:    Checking defaults for U/cmr/m/n on input line 14.
LaTeX Font Info:    ... okay on input line 14.
 (C:\Users\Imran Shahriar\AppData\Local\Programs\MiKTeX\tex/context/base/mkii\supp-pdf.mkii
[Loading MPS to PDF converter (version 2006.09.02).]
\scratchcounter=\count297
\scratchdimen=\dimen160
\scratchbox=\box57
\nofMPsegments=\count298
\nofMParguments=\count299
\everyMPshowfont=\toks26
\MPscratchCnt=\count300
\MPscratchDim=\dimen161
\MPnumerator=\count301
\makeMPintoPDFobject=\count302
\everyMPtoPDFconversion=\toks27
) (C:\Users\Imran Shahriar\AppData\Local\Programs\MiKTeX\tex/latex/epstopdf-pkg\epstopdf-base.sty
Package: epstopdf-base 2020-01-24 v2.11 Base part for package epstopdf
Package epstopdf-base Info: Redefining graphics rule for `.eps' on input line 485.
 (C:\Users\Imran Shahriar\AppData\Local\Programs\MiKTeX\tex/latex/00miktex\epstopdf-sys.cfg
File: epstopdf-sys.cfg 2021/03/18 v2.0 Configuration of epstopdf for MiKTeX
)) (q1.tex [1{C:/Users/Imran Shahriar/AppData/Local/MiKTeX/fonts/map/pdftex/pdftex.map}

] [2]
<figures/dt01_displacement.png, id=18, 786.2976pt x 423.984pt>
File: figures/dt01_displacement.png Graphic file (type png)
<use figures/dt01_displacement.png>
Package pdftex.def Info: figures/dt01_displacement.png  used on input line 177.
(pdftex.def)             Requested size: 276.00105pt x 148.8236pt.
 [3]
<figures/dt01_velocity.png, id=25, 786.2976pt x 423.984pt>
File: figures/dt01_velocity.png Graphic file (type png)
<use figures/dt01_velocity.png>
Package pdftex.def Info: figures/dt01_velocity.png  used on input line 183.
(pdftex.def)             Requested size: 276.00105pt x 148.8236pt.
<figures/dt01_acceleration.png, id=26, 786.2976pt x 423.984pt>
File: figures/dt01_acceleration.png Graphic file (type png)
<use figures/dt01_acceleration.png>
Package pdftex.def Info: figures/dt01_acceleration.png  used on input line 189.
(pdftex.def)             Requested size: 276.00105pt x 148.8236pt.
 [4 <./figures/dt01_displacement.png> <./figures/dt01_velocity.png>]
<figures/comparison_displacement.png, id=32, 786.2976pt x 423.984pt>
File: figures/comparison_displacement.png Graphic file (type png)
<use figures/comparison_displacement.png>
Package pdftex.def Info: figures/comparison_displacement.png  used on input line 235.
(pdftex.def)             Requested size: 276.00105pt x 148.8236pt.
 [5 <./figures/dt01_acceleration.png>]
<figures/comparison_velocity.png, id=37, 786.2976pt x 423.984pt>
File: figures/comparison_velocity.png Graphic file (type png)
<use figures/comparison_velocity.png>
Package pdftex.def Info: figures/comparison_velocity.png  used on input line 241.
(pdftex.def)             Requested size: 276.00105pt x 148.8236pt.
<figures/comparison_acceleration.png, id=38, 786.2976pt x 423.984pt>
File: figures/comparison_acceleration.png Graphic file (type png)
<use figures/comparison_acceleration.png>
Package pdftex.def Info: figures/comparison_acceleration.png  used on input line 247.
(pdftex.def)             Requested size: 276.00105pt x 148.8236pt.
 [6 <./figures/comparison_displacement.png> <./figures/comparison_velocity.png>]) (q2.tex [7 <./figures/comparison_acceleration.png>] [8] [9]
<figures/plastic_displacement_inelastic.png, id=55, 714.9912pt x 388.3308pt>
File: figures/plastic_displacement_inelastic.png Graphic file (type png)
<use figures/plastic_displacement_inelastic.png>
Package pdftex.def Info: figures/plastic_displacement_inelastic.png  used on input line 135.
(pdftex.def)             Requested size: 276.00105pt x 149.90778pt.
 [10]
<figures/plastic_velocity_inelastic.png, id=59, 714.9912pt x 388.3308pt>
File: figures/plastic_velocity_inelastic.png Graphic file (type png)
<use figures/plastic_velocity_inelastic.png>
Package pdftex.def Info: figures/plastic_velocity_inelastic.png  used on input line 141.
(pdftex.def)             Requested size: 276.00105pt x 149.90778pt.
<figures/plastic_acceleration_inelastic.png, id=60, 714.9912pt x 388.3308pt>
File: figures/plastic_acceleration_inelastic.png Graphic file (type png)
<use figures/plastic_acceleration_inelastic.png>
Package pdftex.def Info: figures/plastic_acceleration_inelastic.png  used on input line 147.
(pdftex.def)             Requested size: 276.00105pt x 149.90778pt.


LaTeX Warning: `h' float specifier changed to `ht'.

<figures/force_displacement_hysteresis.png, id=61, 714.9912pt x 388.3308pt>
File: figures/force_displacement_hysteresis.png Graphic file (type png)
<use figures/force_displacement_hysteresis.png>
Package pdftex.def Info: figures/force_displacement_hysteresis.png  used on input line 159.
(pdftex.def)             Requested size: 276.00105pt x 149.90778pt.

LaTeX Warning: `h' float specifier changed to `ht'.

[11 <./figures/plastic_displacement_inelastic.png> <./figures/plastic_velocity_inelastic.png>] [12 <./figures/plastic_acceleration_inelastic.png> <./figures/force_displacement_hysteresis.png>]) [13] (main.aux)
 ***********
LaTeX2e <2025-11-01>
L3 programming layer <2026-01-19>
 ***********
 ) 
Here is how much of TeX's memory you used:
 2575 strings out of 467867
 43308 string characters out of 5413942
 456188 words of memory out of 5000000
 31456 multiletter control sequences out of 15000+600000
 634657 words of font info for 64 fonts, out of 8000000 for 9000
 1141 hyphenation exceptions out of 8191
 57i,12n,65p,318b,346s stack positions out of 10000i,1000n,20000p,200000b,200000s
 <C:\Users\Imran Shahriar\AppData\Local\MiKTeX\fonts/pk/ljfour/jknappen/ec/dpi600\tcrm1000.pk><C:/Users/Imran Shahriar/AppData/Local/Programs/MiKTeX/fonts/type1/public/amsfonts/cm/cmbx10.pfb><C:/Users/Imran Shahriar/AppData/Local/Programs/MiKTeX/fonts/type1/public/amsfonts/cm/cmbx12.pfb><C:/Users/Imran Shahriar/AppData/Local/Programs/MiKTeX/fonts/type1/public/amsfonts/cm/cmex10.pfb><C:/Users/Imran Shahriar/AppData/Local/Programs/MiKTeX/fonts/type1/public/amsfonts/cm/cmmi10.pfb><C:/Users/Imran Shahriar/AppData/Local/Programs/MiKTeX/fonts/type1/public/amsfonts/cm/cmmi12.pfb><C:/Users/Imran Shahriar/AppData/Local/Programs/MiKTeX/fonts/type1/public/amsfonts/cm/cmmi7.pfb><C:/Users/Imran Shahriar/AppData/Local/Programs/MiKTeX/fonts/type1/public/amsfonts/cm/cmr10.pfb><C:/Users/Imran Shahriar/AppData/Local/Programs/MiKTeX/fonts/type1/public/amsfonts/cm/cmr5.pfb><C:/Users/Imran Shahriar/AppData/Local/Programs/MiKTeX/fonts/type1/public/amsfonts/cm/cmr7.pfb><C:/Users/Imran Shahriar/AppData/Local/Programs/MiKTeX/fonts/type1/public/amsfonts/cm/cmsy10.pfb><C:/Users/Imran Shahriar/AppData/Local/Programs/MiKTeX/fonts/type1/public/amsfonts/cm/cmsy7.pfb>
Output written on main.pdf (13 pages, 902661 bytes).
PDF statistics:
 127 PDF objects out of 1000 (max. 8388607)
 0 named destinations out of 1000 (max. 500000)
 51 words of extra memory for PDF output out of 10000 (max. 10000000)

